<?xml version="1.0" encoding="UTF-8"?>
<!-- Generated by org.testng.reporters.JUnitReportReporter -->
<testsuite hostname="hp" failures="0" tests="2" name="Testpackage.TestTNG1" time="0.009" errors="0" timestamp="2023-03-20T17:29:46 IST" skipped="0">
  <testcase classname="Testpackage.TestTNG1" name="varifyloginfunctionlity" time="0.003"/>
  <system-out/>
  <testcase classname="Testpackage.TestTNG1" name="varifyloginfunctionlity" time="0.006"/>
  <system-out/>
</testsuite> <!-- Testpackage.TestTNG1 -->
