<?xml version="1.0" encoding="UTF-8"?>
<!-- Generated by org.testng.reporters.JUnitReportReporter -->
<testsuite hostname="hp" failures="0" tests="2" name="Testpackage.TestTNG" time="15.324" errors="0" timestamp="2023-03-20T17:31:45 IST" skipped="0">
  <testcase classname="Testpackage.TestTNG" name="test1" time="7.712"/>
  <system-out/>
  <testcase classname="Testpackage.TestTNG" name="test1" time="7.612"/>
  <system-out/>
</testsuite> <!-- Testpackage.TestTNG -->
